<?xml version="1.0" encoding="UTF-8"?>
<testng-results ignored="0" total="1" passed="1" failed="0" skipped="0">
  <reporter-output>
  </reporter-output>
  <suite started-at="2023-12-28T22:56:10 IST" name="Default suite" finished-at="2023-12-28T22:56:17 IST" duration-ms="6672">
    <groups>
    </groups>
    <test started-at="2023-12-28T22:56:10 IST" name="Default test" finished-at="2023-12-28T22:56:17 IST" duration-ms="6672">
      <class name="TestLayer.UserRegistrationTest">
        <test-method is-config="true" signature="setUp()[pri:0, instance:TestLayer.UserRegistrationTest@5e600dd5]" started-at="2023-12-28T22:56:10 IST" name="setUp" finished-at="2023-12-28T22:56:15 IST" duration-ms="5056" status="PASS">
          <reporter-output>
          </reporter-output>
        </test-method> <!-- setUp -->
        <test-method signature="verifyPostIndiaRegPage()[pri:0, instance:TestLayer.UserRegistrationTest@5e600dd5]" started-at="2023-12-28T22:56:15 IST" name="verifyPostIndiaRegPage" finished-at="2023-12-28T22:56:17 IST" duration-ms="1579" status="PASS">
          <reporter-output>
          </reporter-output>
        </test-method> <!-- verifyPostIndiaRegPage -->
        <test-method is-config="true" signature="tearDown()[pri:0, instance:TestLayer.UserRegistrationTest@5e600dd5]" started-at="2023-12-28T22:56:17 IST" name="tearDown" finished-at="2023-12-28T22:56:17 IST" duration-ms="0" status="PASS">
          <reporter-output>
          </reporter-output>
        </test-method> <!-- tearDown -->
      </class> <!-- TestLayer.UserRegistrationTest -->
    </test> <!-- Default test -->
  </suite> <!-- Default suite -->
</testng-results>
